This is pdfTeX, Version 3.14159265-2.6-1.40.21 (TeX Live 2020/Debian) (preloaded format=pdflatex 2024.11.12)  25 JUN 2025 08:32
entering extended mode
 restricted \write18 enabled.
 file:line:error style messages enabled.
 %&-line parsing enabled.
**/home/charli/Math/eigenvalueCollissionsv1/tex-exp-math/ExpMath.tex
(/home/charli/Math/eigenvalueCollissionsv1/tex-exp-math/ExpMath.tex
LaTeX2e <2020-10-01> patch level 4
L3 programming layer <2021-01-09> xparse <2020-03-03> (/usr/share/texlive/texmf-dist/tex/latex/base/article.cls
Document Class: article 2020/04/10 v1.4m Standard LaTeX document class
(/usr/share/texlive/texmf-dist/tex/latex/base/size10.clo
File: size10.clo 2020/04/10 v1.4m Standard LaTeX file (size option)
)
\c@part=\count177
\c@section=\count178
\c@subsection=\count179
\c@subsubsection=\count180
\c@paragraph=\count181
\c@subparagraph=\count182
\c@figure=\count183
\c@table=\count184
\abovecaptionskip=\skip47
\belowcaptionskip=\skip48
\bibindent=\dimen138
) (/usr/share/texlive/texmf-dist/tex/latex/animate/animate.sty
Package: animate 2020/10/07 PDF & SVG animations from files and inline graphics
 (/usr/share/texlive/texmf-dist/tex/latex/xkeyval/xkeyval.sty
Package: xkeyval 2020/11/20 v2.8 package option processing (HA)
 (/usr/share/texlive/texmf-dist/tex/generic/xkeyval/xkeyval.tex (/usr/share/texlive/texmf-dist/tex/generic/xkeyval/xkvutils.tex
\XKV@toks=\toks15
\XKV@tempa@toks=\toks16
 (/usr/share/texlive/texmf-dist/tex/generic/xkeyval/keyval.tex))
\XKV@depth=\count185
File: xkeyval.tex 2014/12/03 v2.7a key=value parser (HA)
)) (/usr/share/texlive/texmf-dist/tex/latex/base/ifthen.sty
Package: ifthen 2014/09/29 v1.1c Standard LaTeX ifthen package (DPC)
) (/usr/share/texlive/texmf-dist/tex/generic/iftex/iftex.sty
Package: iftex 2020/03/06 v1.0d TeX engine tests
) (/usr/share/texlive/texmf-dist/tex/latex/oberdiek/ifdraft.sty
Package: ifdraft 2016/05/16 v1.4 Detect class options draft and final (HO)
) (/usr/share/texlive/texmf-dist/tex/latex/tools/calc.sty
Package: calc 2017/05/25 v4.3 Infix arithmetic (KKT,FJ)
\calc@Acount=\count186
\calc@Bcount=\count187
\calc@Adimen=\dimen139
\calc@Bdimen=\dimen140
\calc@Askip=\skip49
\calc@Bskip=\skip50
LaTeX Info: Redefining \setlength on input line 80.
LaTeX Info: Redefining \addtolength on input line 81.
\calc@Ccount=\count188
\calc@Cskip=\skip51
) (/usr/share/texlive/texmf-dist/tex/latex/graphics/graphics.sty
Package: graphics 2020/08/30 v1.4c Standard LaTeX Graphics (DPC,SPQR)
 (/usr/share/texlive/texmf-dist/tex/latex/graphics/trig.sty
Package: trig 2016/01/03 v1.10 sin cos tan (DPC)
) (/usr/share/texlive/texmf-dist/tex/latex/graphics-cfg/graphics.cfg
File: graphics.cfg 2016/06/04 v1.11 sample graphics configuration
)
Package graphics Info: Driver file: pdftex.def on input line 105.
 (/usr/share/texlive/texmf-dist/tex/latex/graphics-def/pdftex.def
File: pdftex.def 2020/10/05 v1.2a Graphics/color driver for pdftex
)) (/usr/share/texlive/texmf-dist/tex/latex/zref/zref-abspage.sty
Package: zref-abspage 2020-07-03 v2.32 Module abspage for zref (HO)
 (/usr/share/texlive/texmf-dist/tex/latex/zref/zref-base.sty
Package: zref-base 2020-07-03 v2.32 Module base for zref (HO)
 (/usr/share/texlive/texmf-dist/tex/generic/ltxcmds/ltxcmds.sty
Package: ltxcmds 2020-05-10 v1.25 LaTeX kernel commands for general use (HO)
) (/usr/share/texlive/texmf-dist/tex/generic/infwarerr/infwarerr.sty
Package: infwarerr 2019/12/03 v1.5 Providing info/warning/error messages (HO)
) (/usr/share/texlive/texmf-dist/tex/generic/kvsetkeys/kvsetkeys.sty
Package: kvsetkeys 2019/12/15 v1.18 Key value parser (HO)
) (/usr/share/texlive/texmf-dist/tex/generic/kvdefinekeys/kvdefinekeys.sty
Package: kvdefinekeys 2019-12-19 v1.6 Define keys (HO)
) (/usr/share/texlive/texmf-dist/tex/generic/pdftexcmds/pdftexcmds.sty
Package: pdftexcmds 2020-06-27 v0.33 Utility functions of pdfTeX for LuaTeX (HO)
Package pdftexcmds Info: \pdf@primitive is available.
Package pdftexcmds Info: \pdf@ifprimitive is available.
Package pdftexcmds Info: \pdfdraftmode found.
) (/usr/share/texlive/texmf-dist/tex/generic/etexcmds/etexcmds.sty
Package: etexcmds 2019/12/15 v1.7 Avoid name clashes with e-TeX commands (HO)
) (/usr/share/texlive/texmf-dist/tex/latex/auxhook/auxhook.sty
Package: auxhook 2019-12-17 v1.6 Hooks for auxiliary files (HO)
)
Package zref Info: New property list: main on input line 764.
Package zref Info: New property: default on input line 765.
Package zref Info: New property: page on input line 766.
) (/usr/share/texlive/texmf-dist/tex/latex/base/atbegshi-ltx.sty
Package: atbegshi-ltx 2020/08/17 v1.0a Emulation of the original atbegshi package
with kernel methods
)
\c@abspage=\count189
Package zref Info: New property: abspage on input line 66.
) (/usr/share/texlive/texmf-dist/tex/latex/media9/pdfbase.sty (/usr/share/texlive/texmf-dist/tex/latex/l3packages/l3keys2e/l3keys2e.sty (/usr/share/texlive/texmf-dist/tex/latex/l3kernel/expl3.sty
Package: expl3 2021-01-09 L3 programming layer (loader) 
 (/usr/share/texlive/texmf-dist/tex/latex/l3backend/l3backend-pdftex.def
File: l3backend-pdftex.def 2020-01-29 L3 backend support: PDF output (pdfTeX)
\l__color_backend_stack_int=\count190
\l__pdf_internal_box=\box47
))
Package: l3keys2e 2020-10-27 LaTeX2e option processing using LaTeX3 keys
)
Package: pdfbase 2021/01/25 v0.45 driver independent access to low-level PDF features
\g_pbs_page_int=\count191
\g_pbs_oc_int=\count192
) (/usr/share/texlive/texmf-dist/tex/latex/ocgx2/ocgbase.sty
Package: ocgbase 2021/01/25 v0.18 support package for ocgx2.sty
\g_ocgbase_nd_int=\count193
)
\@anim@box=\box48
\@anim@measbox=\box49
\@anim@tmpdima=\dimen141
\@anim@tmpdimb=\dimen142
\@anim@num=\count194
\@anim@curframe=\count195
\@anim@curframe@zb=\count196
\@anim@resizeflags=\count197
\@anim@skipfram=\count198
\@anim@mulframecnt=\count199
\@anim@@tmlnfile=\read2
\@anim@tmpcnt=\count266
\c@@anim@ltxcnt=\count267
\@anim@curlayer=\count268
\@anim@lineno=\count269
\@anim@curfield=\count270
\@anim@@resizeflags=\count271
) (/usr/share/texlive/texmf-dist/tex/latex/base/inputenc.sty
Package: inputenc 2020/08/01 v1.3d Input encoding file
\inpenc@prehook=\toks17
\inpenc@posthook=\toks18
) (/usr/share/texlive/texmf-dist/tex/latex/amsfonts/amssymb.sty
Package: amssymb 2013/01/14 v3.01 AMS font symbols
 (/usr/share/texlive/texmf-dist/tex/latex/amsfonts/amsfonts.sty
Package: amsfonts 2013/01/14 v3.01 Basic AMSFonts support
\@emptytoks=\toks19
\symAMSa=\mathgroup4
\symAMSb=\mathgroup5
LaTeX Font Info:    Redeclaring math symbol \hbar on input line 98.
LaTeX Font Info:    Overwriting math alphabet `\mathfrak' in version `bold'
(Font)                  U/euf/m/n --> U/euf/b/n on input line 106.
)) (/usr/share/texlive/texmf-dist/tex/latex/graphics/graphicx.sty
Package: graphicx 2020/09/09 v1.2b Enhanced LaTeX Graphics (DPC,SPQR)
\Gin@req@height=\dimen143
\Gin@req@width=\dimen144
) (/usr/share/texlive/texmf-dist/tex/latex/pgf/frontendlayer/tikz.sty (/usr/share/texlive/texmf-dist/tex/latex/pgf/basiclayer/pgf.sty (/usr/share/texlive/texmf-dist/tex/latex/pgf/utilities/pgfrcs.sty (/usr/share/texlive/texmf-dist/tex/generic/pgf/utilities/pgfutil-common.tex
\pgfutil@everybye=\toks20
\pgfutil@tempdima=\dimen145
\pgfutil@tempdimb=\dimen146
 (/usr/share/texlive/texmf-dist/tex/generic/pgf/utilities/pgfutil-common-lists.tex)) (/usr/share/texlive/texmf-dist/tex/generic/pgf/utilities/pgfutil-latex.def
\pgfutil@abb=\box50
) (/usr/share/texlive/texmf-dist/tex/generic/pgf/utilities/pgfrcs.code.tex (/usr/share/texlive/texmf-dist/tex/generic/pgf/pgf.revision.tex)
Package: pgfrcs 2020/12/27 v3.1.8b (3.1.8b)
))
Package: pgf 2020/12/27 v3.1.8b (3.1.8b)
 (/usr/share/texlive/texmf-dist/tex/latex/pgf/basiclayer/pgfcore.sty (/usr/share/texlive/texmf-dist/tex/latex/pgf/systemlayer/pgfsys.sty (/usr/share/texlive/texmf-dist/tex/generic/pgf/systemlayer/pgfsys.code.tex
Package: pgfsys 2020/12/27 v3.1.8b (3.1.8b)
 (/usr/share/texlive/texmf-dist/tex/generic/pgf/utilities/pgfkeys.code.tex
\pgfkeys@pathtoks=\toks21
\pgfkeys@temptoks=\toks22
 (/usr/share/texlive/texmf-dist/tex/generic/pgf/utilities/pgfkeysfiltered.code.tex
\pgfkeys@tmptoks=\toks23
))
\pgf@x=\dimen147
\pgf@y=\dimen148
\pgf@xa=\dimen149
\pgf@ya=\dimen150
\pgf@xb=\dimen151
\pgf@yb=\dimen152
\pgf@xc=\dimen153
\pgf@yc=\dimen154
\pgf@xd=\dimen155
\pgf@yd=\dimen156
\w@pgf@writea=\write3
\r@pgf@reada=\read3
\c@pgf@counta=\count272
\c@pgf@countb=\count273
\c@pgf@countc=\count274
\c@pgf@countd=\count275
\t@pgf@toka=\toks24
\t@pgf@tokb=\toks25
\t@pgf@tokc=\toks26
\pgf@sys@id@count=\count276
 (/usr/share/texlive/texmf-dist/tex/generic/pgf/systemlayer/pgf.cfg
File: pgf.cfg 2020/12/27 v3.1.8b (3.1.8b)
)
Driver file for pgf: pgfsys-pdftex.def
 (/usr/share/texlive/texmf-dist/tex/generic/pgf/systemlayer/pgfsys-pdftex.def
File: pgfsys-pdftex.def 2020/12/27 v3.1.8b (3.1.8b)
 (/usr/share/texlive/texmf-dist/tex/generic/pgf/systemlayer/pgfsys-common-pdf.def
File: pgfsys-common-pdf.def 2020/12/27 v3.1.8b (3.1.8b)
))) (/usr/share/texlive/texmf-dist/tex/generic/pgf/systemlayer/pgfsyssoftpath.code.tex
File: pgfsyssoftpath.code.tex 2020/12/27 v3.1.8b (3.1.8b)
\pgfsyssoftpath@smallbuffer@items=\count277
\pgfsyssoftpath@bigbuffer@items=\count278
) (/usr/share/texlive/texmf-dist/tex/generic/pgf/systemlayer/pgfsysprotocol.code.tex
File: pgfsysprotocol.code.tex 2020/12/27 v3.1.8b (3.1.8b)
)) (/usr/share/texlive/texmf-dist/tex/latex/xcolor/xcolor.sty
Package: xcolor 2016/05/11 v2.12 LaTeX color extensions (UK)
 (/usr/share/texlive/texmf-dist/tex/latex/graphics-cfg/color.cfg
File: color.cfg 2016/01/02 v1.6 sample color configuration
)
Package xcolor Info: Driver file: pdftex.def on input line 225.
Package xcolor Info: Model `cmy' substituted by `cmy0' on input line 1348.
Package xcolor Info: Model `hsb' substituted by `rgb' on input line 1352.
Package xcolor Info: Model `RGB' extended on input line 1364.
Package xcolor Info: Model `HTML' substituted by `rgb' on input line 1366.
Package xcolor Info: Model `Hsb' substituted by `hsb' on input line 1367.
Package xcolor Info: Model `tHsb' substituted by `hsb' on input line 1368.
Package xcolor Info: Model `HSB' substituted by `hsb' on input line 1369.
Package xcolor Info: Model `Gray' substituted by `gray' on input line 1370.
Package xcolor Info: Model `wave' substituted by `hsb' on input line 1371.
) (/usr/share/texlive/texmf-dist/tex/generic/pgf/basiclayer/pgfcore.code.tex
Package: pgfcore 2020/12/27 v3.1.8b (3.1.8b)
 (/usr/share/texlive/texmf-dist/tex/generic/pgf/math/pgfmath.code.tex (/usr/share/texlive/texmf-dist/tex/generic/pgf/math/pgfmathcalc.code.tex (/usr/share/texlive/texmf-dist/tex/generic/pgf/math/pgfmathutil.code.tex) (/usr/share/texlive/texmf-dist/tex/generic/pgf/math/pgfmathparser.code.tex
\pgfmath@dimen=\dimen157
\pgfmath@count=\count279
\pgfmath@box=\box51
\pgfmath@toks=\toks27
\pgfmath@stack@operand=\toks28
\pgfmath@stack@operation=\toks29
) (/usr/share/texlive/texmf-dist/tex/generic/pgf/math/pgfmathfunctions.code.tex (/usr/share/texlive/texmf-dist/tex/generic/pgf/math/pgfmathfunctions.basic.code.tex) (/usr/share/texlive/texmf-dist/tex/generic/pgf/math/pgfmathfunctions.trigonometric.code.tex) (/usr/share/texlive/texmf-dist/tex/generic/pgf/math/pgfmathfunctions.random.code.tex) (/usr/share/texlive/texmf-dist/tex/generic/pgf/math/pgfmathfunctions.comparison.code.tex) (/usr/share/texlive/texmf-dist/tex/generic/pgf/math/pgfmathfunctions.base.code.tex) (/usr/share/texlive/texmf-dist/tex/generic/pgf/math/pgfmathfunctions.round.code.tex) (/usr/share/texlive/texmf-dist/tex/generic/pgf/math/pgfmathfunctions.misc.code.tex) (/usr/share/texlive/texmf-dist/tex/generic/pgf/math/pgfmathfunctions.integerarithmetics.code.tex))) (/usr/share/texlive/texmf-dist/tex/generic/pgf/math/pgfmathfloat.code.tex
\c@pgfmathroundto@lastzeros=\count280
)) (/usr/share/texlive/texmf-dist/tex/generic/pgf/math/pgfint.code.tex) (/usr/share/texlive/texmf-dist/tex/generic/pgf/basiclayer/pgfcorepoints.code.tex
File: pgfcorepoints.code.tex 2020/12/27 v3.1.8b (3.1.8b)
\pgf@picminx=\dimen158
\pgf@picmaxx=\dimen159
\pgf@picminy=\dimen160
\pgf@picmaxy=\dimen161
\pgf@pathminx=\dimen162
\pgf@pathmaxx=\dimen163
\pgf@pathminy=\dimen164
\pgf@pathmaxy=\dimen165
\pgf@xx=\dimen166
\pgf@xy=\dimen167
\pgf@yx=\dimen168
\pgf@yy=\dimen169
\pgf@zx=\dimen170
\pgf@zy=\dimen171
) (/usr/share/texlive/texmf-dist/tex/generic/pgf/basiclayer/pgfcorepathconstruct.code.tex
File: pgfcorepathconstruct.code.tex 2020/12/27 v3.1.8b (3.1.8b)
\pgf@path@lastx=\dimen172
\pgf@path@lasty=\dimen173
) (/usr/share/texlive/texmf-dist/tex/generic/pgf/basiclayer/pgfcorepathusage.code.tex
File: pgfcorepathusage.code.tex 2020/12/27 v3.1.8b (3.1.8b)
\pgf@shorten@end@additional=\dimen174
\pgf@shorten@start@additional=\dimen175
) (/usr/share/texlive/texmf-dist/tex/generic/pgf/basiclayer/pgfcorescopes.code.tex
File: pgfcorescopes.code.tex 2020/12/27 v3.1.8b (3.1.8b)
\pgfpic=\box52
\pgf@hbox=\box53
\pgf@layerbox@main=\box54
\pgf@picture@serial@count=\count281
) (/usr/share/texlive/texmf-dist/tex/generic/pgf/basiclayer/pgfcoregraphicstate.code.tex
File: pgfcoregraphicstate.code.tex 2020/12/27 v3.1.8b (3.1.8b)
\pgflinewidth=\dimen176
) (/usr/share/texlive/texmf-dist/tex/generic/pgf/basiclayer/pgfcoretransformations.code.tex
File: pgfcoretransformations.code.tex 2020/12/27 v3.1.8b (3.1.8b)
\pgf@pt@x=\dimen177
\pgf@pt@y=\dimen178
\pgf@pt@temp=\dimen179
) (/usr/share/texlive/texmf-dist/tex/generic/pgf/basiclayer/pgfcorequick.code.tex
File: pgfcorequick.code.tex 2020/12/27 v3.1.8b (3.1.8b)
) (/usr/share/texlive/texmf-dist/tex/generic/pgf/basiclayer/pgfcoreobjects.code.tex
File: pgfcoreobjects.code.tex 2020/12/27 v3.1.8b (3.1.8b)
) (/usr/share/texlive/texmf-dist/tex/generic/pgf/basiclayer/pgfcorepathprocessing.code.tex
File: pgfcorepathprocessing.code.tex 2020/12/27 v3.1.8b (3.1.8b)
) (/usr/share/texlive/texmf-dist/tex/generic/pgf/basiclayer/pgfcorearrows.code.tex
File: pgfcorearrows.code.tex 2020/12/27 v3.1.8b (3.1.8b)
\pgfarrowsep=\dimen180
) (/usr/share/texlive/texmf-dist/tex/generic/pgf/basiclayer/pgfcoreshade.code.tex
File: pgfcoreshade.code.tex 2020/12/27 v3.1.8b (3.1.8b)
\pgf@max=\dimen181
\pgf@sys@shading@range@num=\count282
\pgf@shadingcount=\count283
) (/usr/share/texlive/texmf-dist/tex/generic/pgf/basiclayer/pgfcoreimage.code.tex
File: pgfcoreimage.code.tex 2020/12/27 v3.1.8b (3.1.8b)
 (/usr/share/texlive/texmf-dist/tex/generic/pgf/basiclayer/pgfcoreexternal.code.tex
File: pgfcoreexternal.code.tex 2020/12/27 v3.1.8b (3.1.8b)
\pgfexternal@startupbox=\box55
)) (/usr/share/texlive/texmf-dist/tex/generic/pgf/basiclayer/pgfcorelayers.code.tex
File: pgfcorelayers.code.tex 2020/12/27 v3.1.8b (3.1.8b)
) (/usr/share/texlive/texmf-dist/tex/generic/pgf/basiclayer/pgfcoretransparency.code.tex
File: pgfcoretransparency.code.tex 2020/12/27 v3.1.8b (3.1.8b)
) (/usr/share/texlive/texmf-dist/tex/generic/pgf/basiclayer/pgfcorepatterns.code.tex
File: pgfcorepatterns.code.tex 2020/12/27 v3.1.8b (3.1.8b)
) (/usr/share/texlive/texmf-dist/tex/generic/pgf/basiclayer/pgfcorerdf.code.tex
File: pgfcorerdf.code.tex 2020/12/27 v3.1.8b (3.1.8b)
))) (/usr/share/texlive/texmf-dist/tex/generic/pgf/modules/pgfmoduleshapes.code.tex
File: pgfmoduleshapes.code.tex 2020/12/27 v3.1.8b (3.1.8b)
\pgfnodeparttextbox=\box56
) (/usr/share/texlive/texmf-dist/tex/generic/pgf/modules/pgfmoduleplot.code.tex
File: pgfmoduleplot.code.tex 2020/12/27 v3.1.8b (3.1.8b)
) (/usr/share/texlive/texmf-dist/tex/latex/pgf/compatibility/pgfcomp-version-0-65.sty
Package: pgfcomp-version-0-65 2020/12/27 v3.1.8b (3.1.8b)
\pgf@nodesepstart=\dimen182
\pgf@nodesepend=\dimen183
) (/usr/share/texlive/texmf-dist/tex/latex/pgf/compatibility/pgfcomp-version-1-18.sty
Package: pgfcomp-version-1-18 2020/12/27 v3.1.8b (3.1.8b)
)) (/usr/share/texlive/texmf-dist/tex/latex/pgf/utilities/pgffor.sty (/usr/share/texlive/texmf-dist/tex/latex/pgf/utilities/pgfkeys.sty (/usr/share/texlive/texmf-dist/tex/generic/pgf/utilities/pgfkeys.code.tex)) (/usr/share/texlive/texmf-dist/tex/latex/pgf/math/pgfmath.sty (/usr/share/texlive/texmf-dist/tex/generic/pgf/math/pgfmath.code.tex)) (/usr/share/texlive/texmf-dist/tex/generic/pgf/utilities/pgffor.code.tex
Package: pgffor 2020/12/27 v3.1.8b (3.1.8b)
 (/usr/share/texlive/texmf-dist/tex/generic/pgf/math/pgfmath.code.tex)
\pgffor@iter=\dimen184
\pgffor@skip=\dimen185
\pgffor@stack=\toks30
\pgffor@toks=\toks31
)) (/usr/share/texlive/texmf-dist/tex/generic/pgf/frontendlayer/tikz/tikz.code.tex
Package: tikz 2020/12/27 v3.1.8b (3.1.8b)
 (/usr/share/texlive/texmf-dist/tex/generic/pgf/libraries/pgflibraryplothandlers.code.tex
File: pgflibraryplothandlers.code.tex 2020/12/27 v3.1.8b (3.1.8b)
\pgf@plot@mark@count=\count284
\pgfplotmarksize=\dimen186
)
\tikz@lastx=\dimen187
\tikz@lasty=\dimen188
\tikz@lastxsaved=\dimen189
\tikz@lastysaved=\dimen190
\tikz@lastmovetox=\dimen191
\tikz@lastmovetoy=\dimen192
\tikzleveldistance=\dimen193
\tikzsiblingdistance=\dimen194
\tikz@figbox=\box57
\tikz@figbox@bg=\box58
\tikz@tempbox=\box59
\tikz@tempbox@bg=\box60
\tikztreelevel=\count285
\tikznumberofchildren=\count286
\tikznumberofcurrentchild=\count287
\tikz@fig@count=\count288
 (/usr/share/texlive/texmf-dist/tex/generic/pgf/modules/pgfmodulematrix.code.tex
File: pgfmodulematrix.code.tex 2020/12/27 v3.1.8b (3.1.8b)
\pgfmatrixcurrentrow=\count289
\pgfmatrixcurrentcolumn=\count290
\pgf@matrix@numberofcolumns=\count291
)
\tikz@expandcount=\count292
 (/usr/share/texlive/texmf-dist/tex/generic/pgf/frontendlayer/tikz/libraries/tikzlibrarytopaths.code.tex
File: tikzlibrarytopaths.code.tex 2020/12/27 v3.1.8b (3.1.8b)
))) (/usr/share/texlive/texmf-dist/tex/latex/geometry/geometry.sty
Package: geometry 2020/01/02 v5.9 Page Geometry
 (/usr/share/texlive/texmf-dist/tex/generic/iftex/ifvtex.sty
Package: ifvtex 2019/10/25 v1.7 ifvtex legacy package. Use iftex instead.
)
\Gm@cnth=\count293
\Gm@cntv=\count294
\c@Gm@tempcnt=\count295
\Gm@bindingoffset=\dimen195
\Gm@wd@mp=\dimen196
\Gm@odd@mp=\dimen197
\Gm@even@mp=\dimen198
\Gm@layoutwidth=\dimen199
\Gm@layoutheight=\dimen256
\Gm@layouthoffset=\dimen257
\Gm@layoutvoffset=\dimen258
\Gm@dimlist=\toks32
) (/usr/share/texlive/texmf-dist/tex/latex/textpos/textpos.sty
Package: textpos 2020/09/26 v1.10

Package: textpos 2020/09/26 1.10, absolute positioning of text on the page
Package textpos Info: choosing support for LaTeX3 on input line 61.
\TP@textbox=\box61
\TP@holdbox=\box62
\TPHorizModule=\dimen259
\TPVertModule=\dimen260
\TP@margin=\dimen261
\TP@absmargin=\dimen262
Grid set 16 x 16 = 38.39343pt x 49.68562pt
\TPboxrulesize=\dimen263
\TP@ox=\dimen264
\TP@oy=\dimen265
\TP@tbargs=\toks33
TextBlockOrigin set to 0pt x 0pt
) (/usr/share/texlive/texmf-dist/tex/latex/hyperref/hyperref.sty
Package: hyperref 2020-05-15 v7.00e Hypertext links for LaTeX
 (/usr/share/texlive/texmf-dist/tex/generic/pdfescape/pdfescape.sty
Package: pdfescape 2019/12/09 v1.15 Implements pdfTeX's escape features (HO)
) (/usr/share/texlive/texmf-dist/tex/latex/hycolor/hycolor.sty
Package: hycolor 2020-01-27 v1.10 Color options for hyperref/bookmark (HO)
) (/usr/share/texlive/texmf-dist/tex/latex/letltxmacro/letltxmacro.sty
Package: letltxmacro 2019/12/03 v1.6 Let assignment for LaTeX macros (HO)
) (/usr/share/texlive/texmf-dist/tex/latex/kvoptions/kvoptions.sty
Package: kvoptions 2020-10-07 v3.14 Key value format for package options (HO)
)
\@linkdim=\dimen266
\Hy@linkcounter=\count296
\Hy@pagecounter=\count297
 (/usr/share/texlive/texmf-dist/tex/latex/hyperref/pd1enc.def
File: pd1enc.def 2020-05-15 v7.00e Hyperref: PDFDocEncoding definition (HO)
Now handling font encoding PD1 ...
... no UTF-8 mapping file for font encoding PD1
) (/usr/share/texlive/texmf-dist/tex/generic/intcalc/intcalc.sty
Package: intcalc 2019/12/15 v1.3 Expandable calculations with integers (HO)
)
\Hy@SavedSpaceFactor=\count298
Package hyperref Info: Hyper figures OFF on input line 4464.
Package hyperref Info: Link nesting OFF on input line 4469.
Package hyperref Info: Hyper index ON on input line 4472.
Package hyperref Info: Plain pages OFF on input line 4479.
Package hyperref Info: Backreferencing OFF on input line 4484.
Package hyperref Info: Implicit mode ON; LaTeX internals redefined.
Package hyperref Info: Bookmarks ON on input line 4717.
\c@Hy@tempcnt=\count299
 (/usr/share/texlive/texmf-dist/tex/latex/url/url.sty
\Urlmuskip=\muskip16
Package: url 2013/09/16  ver 3.4  Verb mode for urls, etc.
)
LaTeX Info: Redefining \url on input line 5076.
\XeTeXLinkMargin=\dimen267
 (/usr/share/texlive/texmf-dist/tex/generic/bitset/bitset.sty
Package: bitset 2019/12/09 v1.3 Handle bit-vector datatype (HO)
 (/usr/share/texlive/texmf-dist/tex/generic/bigintcalc/bigintcalc.sty
Package: bigintcalc 2019/12/15 v1.5 Expandable calculations on big integers (HO)
))
\Fld@menulength=\count300
\Field@Width=\dimen268
\Fld@charsize=\dimen269
Package hyperref Info: Hyper figures OFF on input line 6347.
Package hyperref Info: Link nesting OFF on input line 6352.
Package hyperref Info: Hyper index ON on input line 6355.
Package hyperref Info: backreferencing OFF on input line 6362.
Package hyperref Info: Link coloring OFF on input line 6367.
Package hyperref Info: Link coloring with OCG OFF on input line 6372.
Package hyperref Info: PDF/A mode OFF on input line 6377.
LaTeX Info: Redefining \ref on input line 6417.
LaTeX Info: Redefining \pageref on input line 6421.
\Hy@abspage=\count301
\c@Item=\count302
\c@Hfootnote=\count303
)
Package hyperref Info: Driver (autodetected): hpdftex.
 (/usr/share/texlive/texmf-dist/tex/latex/hyperref/hpdftex.def
File: hpdftex.def 2020-05-15 v7.00e Hyperref driver for pdfTeX
 (/usr/share/texlive/texmf-dist/tex/latex/base/atveryend-ltx.sty
Package: atveryend-ltx 2020/08/19 v1.0a Emulation of the original atvery package
with kernel methods
)
\HyAnn@Count=\count304
\Fld@listcount=\count305
\c@bookmark@seq@number=\count306
 (/usr/share/texlive/texmf-dist/tex/latex/rerunfilecheck/rerunfilecheck.sty
Package: rerunfilecheck 2019/12/05 v1.9 Rerun checks for auxiliary files (HO)
 (/usr/share/texlive/texmf-dist/tex/generic/uniquecounter/uniquecounter.sty
Package: uniquecounter 2019/12/15 v1.4 Provide unlimited unique counter (HO)
)
Package uniquecounter Info: New unique counter `rerunfilecheck' on input line 286.
)
\Hy@SectionHShift=\skip52
) (/usr/share/texlive/texmf-dist/tex/latex/natbib/natbib.sty
Package: natbib 2010/09/13 8.31b (PWD, AO)
\bibhang=\skip53
\bibsep=\skip54
LaTeX Info: Redefining \cite on input line 694.
\c@NAT@ctr=\count307
) (/home/charli/Math/eigenvalueCollissionsv1/tex-exp-math/ExpMath.aux

LaTeX Warning: Label `fig:pdf_image' multiply defined.


LaTeX Warning: Label `fig:pdf_image' multiply defined.


LaTeX Warning: Label `fig:pdf_image' multiply defined.


LaTeX Warning: Label `fig:pdf_image' multiply defined.


LaTeX Warning: Label `fig:pdf_image' multiply defined.


LaTeX Warning: Label `fig:pdf_image' multiply defined.


LaTeX Warning: Label `fig:pdf_image' multiply defined.


LaTeX Warning: Label `fig:pdf_image' multiply defined.


LaTeX Warning: Label `fig:pdf_image' multiply defined.


LaTeX Warning: Label `fig:pdf_image' multiply defined.


LaTeX Warning: Label `fig:pdf_image' multiply defined.


LaTeX Warning: Label `fig:pdf_image' multiply defined.


LaTeX Warning: Label `fig:pdf_image' multiply defined.


LaTeX Warning: Label `fig:pdf_image' multiply defined.


LaTeX Warning: Label `fig:pdf_image' multiply defined.


LaTeX Warning: Label `fig:pdf_image' multiply defined.


LaTeX Warning: Label `fig:pdf_image' multiply defined.


LaTeX Warning: Label `fig:pdf_image' multiply defined.

)
\openout1 = `ExpMath.aux'.

LaTeX Font Info:    Checking defaults for OML/cmm/m/it on input line 19.
LaTeX Font Info:    ... okay on input line 19.
LaTeX Font Info:    Checking defaults for OMS/cmsy/m/n on input line 19.
LaTeX Font Info:    ... okay on input line 19.
LaTeX Font Info:    Checking defaults for OT1/cmr/m/n on input line 19.
LaTeX Font Info:    ... okay on input line 19.
LaTeX Font Info:    Checking defaults for T1/cmr/m/n on input line 19.
LaTeX Font Info:    ... okay on input line 19.
LaTeX Font Info:    Checking defaults for TS1/cmr/m/n on input line 19.
LaTeX Font Info:    ... okay on input line 19.
LaTeX Font Info:    Checking defaults for OMX/cmex/m/n on input line 19.
LaTeX Font Info:    ... okay on input line 19.
LaTeX Font Info:    Checking defaults for U/cmr/m/n on input line 19.
LaTeX Font Info:    ... okay on input line 19.
LaTeX Font Info:    Checking defaults for PD1/pdf/m/n on input line 19.
LaTeX Font Info:    ... okay on input line 19.
 (/usr/share/texlive/texmf-dist/tex/context/base/mkii/supp-pdf.mkii
[Loading MPS to PDF converter (version 2006.09.02).]
\scratchcounter=\count308
\scratchdimen=\dimen270
\scratchbox=\box63
\nofMPsegments=\count309
\nofMParguments=\count310
\everyMPshowfont=\toks34
\MPscratchCnt=\count311
\MPscratchDim=\dimen271
\MPnumerator=\count312
\makeMPintoPDFobject=\count313
\everyMPtoPDFconversion=\toks35
) (/usr/share/texlive/texmf-dist/tex/latex/epstopdf-pkg/epstopdf-base.sty
Package: epstopdf-base 2020-01-24 v2.11 Base part for package epstopdf
 (/usr/share/texlive/texmf-dist/tex/latex/grfext/grfext.sty
Package: grfext 2019/12/03 v1.3 Manage graphics extensions (HO)
)
Package epstopdf-base Info: Redefining graphics rule for `.eps' on input line 485.
Package grfext Info: Graphics extension search list:
(grfext)             [.pdf,.png,.jpg,.mps,.jpeg,.jbig2,.jb2,.PDF,.PNG,.JPG,.JPEG,.JBIG2,.JB2,.eps]
(grfext)             \AppendGraphicsExtensions on input line 504.
 (/usr/share/texlive/texmf-dist/tex/latex/latexconfig/epstopdf-sys.cfg
File: epstopdf-sys.cfg 2010/07/13 v1.3 Configuration of (r)epstopdf for TeX Live
))
*geometry* driver: auto-detecting
*geometry* detected driver: pdftex
*geometry* verbose mode - [ preamble ] result:
* driver: pdftex
* paper: <default>
* layout: <same size as paper>
* layoutoffset:(h,v)=(0.0pt,0.0pt)
* modes: 
* h-part:(L,W,R)=(72.26999pt, 469.75502pt, 72.26999pt)
* v-part:(T,H,B)=(72.26999pt, 650.43001pt, 72.26999pt)
* \paperwidth=614.295pt
* \paperheight=794.96999pt
* \textwidth=469.75502pt
* \textheight=650.43001pt
* \oddsidemargin=0.0pt
* \evensidemargin=0.0pt
* \topmargin=-37.0pt
* \headheight=12.0pt
* \headsep=25.0pt
* \topskip=10.0pt
* \footskip=30.0pt
* \marginparwidth=65.0pt
* \marginparsep=11.0pt
* \columnsep=10.0pt
* \skip\footins=9.0pt plus 4.0pt minus 2.0pt
* \hoffset=0.0pt
* \voffset=0.0pt
* \mag=1000
* \@twocolumnfalse
* \@twosidefalse
* \@mparswitchfalse
* \@reversemarginfalse
* (1in=72.27pt=25.4mm, 1cm=28.453pt)

Package hyperref Info: Link coloring OFF on input line 19.
(/usr/share/texlive/texmf-dist/tex/latex/hyperref/nameref.sty
Package: nameref 2019/09/16 v2.46 Cross-referencing by name of section
 (/usr/share/texlive/texmf-dist/tex/latex/refcount/refcount.sty
Package: refcount 2019/12/15 v3.6 Data extraction from label references (HO)
) (/usr/share/texlive/texmf-dist/tex/generic/gettitlestring/gettitlestring.sty
Package: gettitlestring 2019/12/15 v1.6 Cleanup title references (HO)
)
\c@section@level=\count314
)
LaTeX Info: Redefining \ref on input line 19.
LaTeX Info: Redefining \pageref on input line 19.
LaTeX Info: Redefining \nameref on input line 19.
 (/home/charli/Math/eigenvalueCollissionsv1/tex-exp-math/ExpMath.out) (/home/charli/Math/eigenvalueCollissionsv1/tex-exp-math/ExpMath.out)
\@outlinefile=\write4
\openout4 = `ExpMath.out'.

LaTeX Font Info:    Trying to load font information for U+msa on input line 21.
 (/usr/share/texlive/texmf-dist/tex/latex/amsfonts/umsa.fd
File: umsa.fd 2013/01/14 v3.01 AMS symbols A
)
LaTeX Font Info:    Trying to load font information for U+msb on input line 21.
 (/usr/share/texlive/texmf-dist/tex/latex/amsfonts/umsb.fd
File: umsb.fd 2013/01/14 v3.01 AMS symbols B
) [1

{/var/lib/texmf/fonts/map/pdftex/updmap/pdftex.map}]
<figures/intro_complexGaussian.pdf, id=126, 402.01443pt x 378.79895pt>
File: figures/intro_complexGaussian.pdf Graphic file (type pdf)
<use figures/intro_complexGaussian.pdf>
Package pdftex.def Info: figures/intro_complexGaussian.pdf  used on input line 142.
(pdftex.def)             Requested size: 140.92793pt x 132.78969pt.
<figures/intro_bernoulli.pdf, id=127, 402.01443pt x 378.79895pt>
File: figures/intro_bernoulli.pdf Graphic file (type pdf)
<use figures/intro_bernoulli.pdf>
Package pdftex.def Info: figures/intro_bernoulli.pdf  used on input line 143.
(pdftex.def)             Requested size: 140.92793pt x 132.78969pt.
<figures/intro_independent.pdf, id=128, 402.01443pt x 378.79895pt>
File: figures/intro_independent.pdf Graphic file (type pdf)
<use figures/intro_independent.pdf>
Package pdftex.def Info: figures/intro_independent.pdf  used on input line 144.
(pdftex.def)             Requested size: 140.92793pt x 132.78969pt.
 [2]
<figures/ellipse_12.pdf, id=154, 372.91946pt x 208.76369pt>
File: figures/ellipse_12.pdf Graphic file (type pdf)
<use figures/ellipse_12.pdf>
Package pdftex.def Info: figures/ellipse_12.pdf  used on input line 188.
(pdftex.def)             Requested size: 211.38832pt x 118.34032pt.
<figures/ellipse_11.pdf, id=155, 372.91946pt x 208.76369pt>
File: figures/ellipse_11.pdf Graphic file (type pdf)
<use figures/ellipse_11.pdf>
Package pdftex.def Info: figures/ellipse_11.pdf  used on input line 189.
(pdftex.def)             Requested size: 211.38832pt x 118.34032pt.
<figures/ellipse_10.pdf, id=156, 432.52843pt x 149.64569pt>
File: figures/ellipse_10.pdf Graphic file (type pdf)
<use figures/ellipse_10.pdf>
Package pdftex.def Info: figures/ellipse_10.pdf  used on input line 191.
(pdftex.def)             Requested size: 211.38832pt x 73.1375pt.
<figures/ellipse_9.pdf, id=157, 432.52843pt x 149.64569pt>
File: figures/ellipse_9.pdf Graphic file (type pdf)
<use figures/ellipse_9.pdf>
Package pdftex.def Info: figures/ellipse_9.pdf  used on input line 192.
(pdftex.def)             Requested size: 211.38832pt x 73.1375pt.
<figures/ellipse_8.pdf, id=158, 432.52843pt x 149.64569pt>
File: figures/ellipse_8.pdf Graphic file (type pdf)
<use figures/ellipse_8.pdf>
Package pdftex.def Info: figures/ellipse_8.pdf  used on input line 194.
(pdftex.def)             Requested size: 211.38832pt x 73.1375pt.
<figures/ellipse_7.pdf, id=159, 432.52843pt x 149.64569pt>
File: figures/ellipse_7.pdf Graphic file (type pdf)
<use figures/ellipse_7.pdf>
Package pdftex.def Info: figures/ellipse_7.pdf  used on input line 195.
(pdftex.def)             Requested size: 211.38832pt x 73.1375pt.
 [3 </home/charli/Math/eigenvalueCollissionsv1/tex-exp-math/figures/intro_complexGaussian.pdf> </home/charli/Math/eigenvalueCollissionsv1/tex-exp-math/figures/intro_bernoulli.pdf> </home/charli/Math/eigenvalueCollissionsv1/tex-exp-math/figures/intro_independent.pdf> </home/charli/Math/eigenvalueCollissionsv1/tex-exp-math/figures/ellipse_12.pdf> </home/charli/Math/eigenvalueCollissionsv1/tex-exp-math/figures/ellipse_11.pdf> </home/charli/Math/eigenvalueCollissionsv1/tex-exp-math/figures/ellipse_10.pdf> </home/charli/Math/eigenvalueCollissionsv1/tex-exp-math/figures/ellipse_9.pdf> </home/charli/Math/eigenvalueCollissionsv1/tex-exp-math/figures/ellipse_8.pdf> </home/charli/Math/eigenvalueCollissionsv1/tex-exp-math/figures/ellipse_7.pdf>]
<figures/intro_circle_s05.pdf, id=462, 402.01443pt x 378.79895pt>
File: figures/intro_circle_s05.pdf Graphic file (type pdf)
<use figures/intro_circle_s05.pdf>
Package pdftex.def Info: figures/intro_circle_s05.pdf  used on input line 251.
(pdftex.def)             Requested size: 140.92793pt x 132.78969pt.
<figures/intro_circle_s06.pdf, id=463, 402.01443pt x 378.79895pt>
File: figures/intro_circle_s06.pdf Graphic file (type pdf)
<use figures/intro_circle_s06.pdf>
Package pdftex.def Info: figures/intro_circle_s06.pdf  used on input line 252.
(pdftex.def)             Requested size: 140.92793pt x 132.78969pt.
<figures/intro_circle_s07.pdf, id=464, 402.01443pt x 378.79895pt>
File: figures/intro_circle_s07.pdf Graphic file (type pdf)
<use figures/intro_circle_s07.pdf>
Package pdftex.def Info: figures/intro_circle_s07.pdf  used on input line 253.
(pdftex.def)             Requested size: 140.92793pt x 132.78969pt.
 [4 </home/charli/Math/eigenvalueCollissionsv1/tex-exp-math/figures/intro_circle_s05.pdf> </home/charli/Math/eigenvalueCollissionsv1/tex-exp-math/figures/intro_circle_s06.pdf> </home/charli/Math/eigenvalueCollissionsv1/tex-exp-math/figures/intro_circle_s07.pdf>]

Package hyperref Warning: Token not allowed in a PDF string (PDFDocEncoding):
(hyperref)                removing `math shift' on input line 277.


Package hyperref Warning: Token not allowed in a PDF string (PDFDocEncoding):
(hyperref)                removing `math shift' on input line 277.

<figures/intro_circle1.pdf, id=543, 402.01443pt x 378.79895pt>
File: figures/intro_circle1.pdf Graphic file (type pdf)
<use figures/intro_circle1.pdf>
Package pdftex.def Info: figures/intro_circle1.pdf  used on input line 285.
(pdftex.def)             Requested size: 187.89914pt x 177.05292pt.
<figures/intro_circle2.pdf, id=544, 387.22481pt x 378.79895pt>
File: figures/intro_circle2.pdf Graphic file (type pdf)
<use figures/intro_circle2.pdf>
Package pdftex.def Info: figures/intro_circle2.pdf  used on input line 286.
(pdftex.def)             Requested size: 187.89914pt x 183.80974pt.
<figures/intro_circuit.pdf, id=549, 402.01443pt x 378.79895pt>
File: figures/intro_circuit.pdf Graphic file (type pdf)
<use figures/intro_circuit.pdf>
Package pdftex.def Info: figures/intro_circuit.pdf  used on input line 327.
(pdftex.def)             Requested size: 187.89914pt x 177.05292pt.
<figures/intro_crossing.pdf, id=550, 402.01443pt x 378.79895pt>
File: figures/intro_crossing.pdf Graphic file (type pdf)
<use figures/intro_crossing.pdf>
Package pdftex.def Info: figures/intro_crossing.pdf  used on input line 328.
(pdftex.def)             Requested size: 187.89914pt x 177.05292pt.
[5 </home/charli/Math/eigenvalueCollissionsv1/tex-exp-math/figures/intro_circle1.pdf> </home/charli/Math/eigenvalueCollissionsv1/tex-exp-math/figures/intro_circle2.pdf>] [6 </home/charli/Math/eigenvalueCollissionsv1/tex-exp-math/figures/intro_circuit.pdf> </home/charli/Math/eigenvalueCollissionsv1/tex-exp-math/figures/intro_crossing.pdf>]
<figures/N10Circle00to01.pdf, id=715, 312.96246pt x 298.29831pt>
File: figures/N10Circle00to01.pdf Graphic file (type pdf)
<use figures/N10Circle00to01.pdf>
Package pdftex.def Info: figures/N10Circle00to01.pdf  used on input line 427.
(pdftex.def)             Requested size: 140.92793pt x 134.32402pt.
<figures/N10Circle01to02.pdf, id=716, 312.96246pt x 298.29831pt>
File: figures/N10Circle01to02.pdf Graphic file (type pdf)
<use figures/N10Circle01to02.pdf>
Package pdftex.def Info: figures/N10Circle01to02.pdf  used on input line 428.
(pdftex.def)             Requested size: 140.92793pt x 134.32402pt.
<figures/N10Circle02to03.pdf, id=717, 312.96246pt x 298.29831pt>
File: figures/N10Circle02to03.pdf Graphic file (type pdf)
<use figures/N10Circle02to03.pdf>
Package pdftex.def Info: figures/N10Circle02to03.pdf  used on input line 429.
(pdftex.def)             Requested size: 140.92793pt x 134.32402pt.
 [7 </home/charli/Math/eigenvalueCollissionsv1/tex-exp-math/figures/N10Circle00to01.pdf> </home/charli/Math/eigenvalueCollissionsv1/tex-exp-math/figures/N10Circle01to02.pdf> </home/charli/Math/eigenvalueCollissionsv1/tex-exp-math/figures/N10Circle02to03.pdf>]
<figures/Zoomed1.pdf, id=798, 462.52798pt x 346.89601pt>
File: figures/Zoomed1.pdf Graphic file (type pdf)
<use figures/Zoomed1.pdf>
Package pdftex.def Info: figures/Zoomed1.pdf  used on input line 499.
(pdftex.def)             Requested size: 140.92793pt x 105.69461pt.
<figures/Zoomed2.pdf, id=799, 462.52798pt x 346.89601pt>
File: figures/Zoomed2.pdf Graphic file (type pdf)
<use figures/Zoomed2.pdf>
Package pdftex.def Info: figures/Zoomed2.pdf  used on input line 500.
(pdftex.def)             Requested size: 140.92793pt x 105.69461pt.
<figures/Zoomed3.pdf, id=800, 462.52798pt x 346.89601pt>
File: figures/Zoomed3.pdf Graphic file (type pdf)
<use figures/Zoomed3.pdf>
Package pdftex.def Info: figures/Zoomed3.pdf  used on input line 501.
(pdftex.def)             Requested size: 140.92793pt x 105.69461pt.
<figures/Collision_sequence1.pdf, id=804, 462.52798pt x 346.89601pt>
File: figures/Collision_sequence1.pdf Graphic file (type pdf)
<use figures/Collision_sequence1.pdf>
Package pdftex.def Info: figures/Collision_sequence1.pdf  used on input line 532.
(pdftex.def)             Requested size: 140.92793pt x 105.69461pt.
<figures/Collision_sequence2.pdf, id=805, 462.52798pt x 346.89601pt>
File: figures/Collision_sequence2.pdf Graphic file (type pdf)
<use figures/Collision_sequence2.pdf>
Package pdftex.def Info: figures/Collision_sequence2.pdf  used on input line 533.
(pdftex.def)             Requested size: 140.92793pt x 105.69461pt.
<figures/Collision_sequence3.pdf, id=806, 462.52798pt x 346.89601pt>
File: figures/Collision_sequence3.pdf Graphic file (type pdf)
<use figures/Collision_sequence3.pdf>
Package pdftex.def Info: figures/Collision_sequence3.pdf  used on input line 534.
(pdftex.def)             Requested size: 140.92793pt x 105.69461pt.
 [8 </home/charli/Math/eigenvalueCollissionsv1/tex-exp-math/figures/Zoomed1.pdf> </home/charli/Math/eigenvalueCollissionsv1/tex-exp-math/figures/Zoomed2.pdf> </home/charli/Math/eigenvalueCollissionsv1/tex-exp-math/figures/Zoomed3.pdf>]

pdfTeX warning: pdflatex (file /home/charli/Math/eigenvalueCollissionsv1/tex-exp-math/figures/Rectangles.pdf): PDF inclusion: found PDF version <1.7>, but at most version <1.5> allowed
<figures/Rectangles.pdf, id=832, 809.42403pt x 664.16129pt>
File: figures/Rectangles.pdf Graphic file (type pdf)
<use figures/Rectangles.pdf>
Package pdftex.def Info: figures/Rectangles.pdf  used on input line 609.
(pdftex.def)             Requested size: 281.85587pt x 231.27422pt.
[9 </home/charli/Math/eigenvalueCollissionsv1/tex-exp-math/figures/Collision_sequence1.pdf> </home/charli/Math/eigenvalueCollissionsv1/tex-exp-math/figures/Collision_sequence2.pdf> </home/charli/Math/eigenvalueCollissionsv1/tex-exp-math/figures/Collision_sequence3.pdf>]

Package hyperref Warning: Token not allowed in a PDF string (PDFDocEncoding):
(hyperref)                removing `math shift' on input line 644.


Package hyperref Warning: Token not allowed in a PDF string (PDFDocEncoding):
(hyperref)                removing `math shift' on input line 644.

<figures/GinibreToCircuit.pdf, id=862, 578.16pt x 361.35pt>
File: figures/GinibreToCircuit.pdf Graphic file (type pdf)
<use figures/GinibreToCircuit.pdf>
Package pdftex.def Info: figures/GinibreToCircuit.pdf  used on input line 674.
(pdftex.def)             Requested size: 211.38832pt x 132.11496pt.
<figures/GinibreMeanderToCircuit.pdf, id=863, 578.16pt x 361.35pt>
File: figures/GinibreMeanderToCircuit.pdf Graphic file (type pdf)
<use figures/GinibreMeanderToCircuit.pdf>
Package pdftex.def Info: figures/GinibreMeanderToCircuit.pdf  used on input line 675.
(pdftex.def)             Requested size: 211.38832pt x 132.11496pt.
[10 </home/charli/Math/eigenvalueCollissionsv1/tex-exp-math/figures/Rectangles.pdf>]
<figures/ComplexGaussianToCrossing.pdf, id=880, 578.16pt x 361.35pt>
File: figures/ComplexGaussianToCrossing.pdf Graphic file (type pdf)
<use figures/ComplexGaussianToCrossing.pdf>
Package pdftex.def Info: figures/ComplexGaussianToCrossing.pdf  used on input line 716.
(pdftex.def)             Requested size: 211.38832pt x 132.11496pt.
<figures/Opposing-sectors-to-crossing.pdf, id=881, 578.16pt x 361.35pt>
File: figures/Opposing-sectors-to-crossing.pdf Graphic file (type pdf)
<use figures/Opposing-sectors-to-crossing.pdf>
Package pdftex.def Info: figures/Opposing-sectors-to-crossing.pdf  used on input line 717.
(pdftex.def)             Requested size: 211.38832pt x 132.11496pt.
 [11 </home/charli/Math/eigenvalueCollissionsv1/tex-exp-math/figures/GinibreToCircuit.pdf> </home/charli/Math/eigenvalueCollissionsv1/tex-exp-math/figures/GinibreMeanderToCircuit.pdf> </home/charli/Math/eigenvalueCollissionsv1/tex-exp-math/figures/ComplexGaussianToCrossing.pdf> </home/charli/Math/eigenvalueCollissionsv1/tex-exp-math/figures/Opposing-sectors-to-crossing.pdf>]
<figures/Histogram_rho_0.pdf, id=917, 462.52798pt x 346.89601pt>
File: figures/Histogram_rho_0.pdf Graphic file (type pdf)
<use figures/Histogram_rho_0.pdf>
Package pdftex.def Info: figures/Histogram_rho_0.pdf  used on input line 765.
(pdftex.def)             Requested size: 211.38832pt x 158.54192pt.
<figures/Histogram_rho_1.pdf, id=918, 462.52798pt x 346.89601pt>
File: figures/Histogram_rho_1.pdf Graphic file (type pdf)
<use figures/Histogram_rho_1.pdf>
Package pdftex.def Info: figures/Histogram_rho_1.pdf  used on input line 766.
(pdftex.def)             Requested size: 211.38832pt x 158.54192pt.
<figures/Histogram_rho_2.pdf, id=919, 462.52798pt x 346.89601pt>
File: figures/Histogram_rho_2.pdf Graphic file (type pdf)
<use figures/Histogram_rho_2.pdf>
Package pdftex.def Info: figures/Histogram_rho_2.pdf  used on input line 768.
(pdftex.def)             Requested size: 211.38832pt x 158.54192pt.
<figures/Histogram_rho_3.pdf, id=920, 462.52798pt x 346.89601pt>
File: figures/Histogram_rho_3.pdf Graphic file (type pdf)
<use figures/Histogram_rho_3.pdf>
Package pdftex.def Info: figures/Histogram_rho_3.pdf  used on input line 769.
(pdftex.def)             Requested size: 211.38832pt x 158.54192pt.
<figures/Histogram_rho_4.pdf, id=921, 462.52798pt x 346.89601pt>
File: figures/Histogram_rho_4.pdf Graphic file (type pdf)
<use figures/Histogram_rho_4.pdf>
Package pdftex.def Info: figures/Histogram_rho_4.pdf  used on input line 771.
(pdftex.def)             Requested size: 211.38832pt x 158.54192pt.
<figures/Histogram_rho_5.pdf, id=922, 462.52798pt x 346.89601pt>
File: figures/Histogram_rho_5.pdf Graphic file (type pdf)
<use figures/Histogram_rho_5.pdf>
Package pdftex.def Info: figures/Histogram_rho_5.pdf  used on input line 772.
(pdftex.def)             Requested size: 211.38832pt x 158.54192pt.


Package hyperref Warning: Token not allowed in a PDF string (PDFDocEncoding):
(hyperref)                removing `math shift' on input line 778.


Package hyperref Warning: Token not allowed in a PDF string (PDFDocEncoding):
(hyperref)                removing `math shift' on input line 778.

[12] [13 </home/charli/Math/eigenvalueCollissionsv1/tex-exp-math/figures/Histogram_rho_0.pdf> </home/charli/Math/eigenvalueCollissionsv1/tex-exp-math/figures/Histogram_rho_1.pdf> </home/charli/Math/eigenvalueCollissionsv1/tex-exp-math/figures/Histogram_rho_2.pdf> </home/charli/Math/eigenvalueCollissionsv1/tex-exp-math/figures/Histogram_rho_3.pdf> </home/charli/Math/eigenvalueCollissionsv1/tex-exp-math/figures/Histogram_rho_4.pdf> </home/charli/Math/eigenvalueCollissionsv1/tex-exp-math/figures/Histogram_rho_5.pdf>] (/home/charli/Math/eigenvalueCollissionsv1/tex-exp-math/ExpMath.bbl) [14]
File: figures/N10Circle00to01.pdf Graphic file (type pdf)
<use figures/N10Circle00to01.pdf>
Package pdftex.def Info: figures/N10Circle00to01.pdf  used on input line 868.
(pdftex.def)             Requested size: 211.38832pt x 201.48831pt.
<figures/N10Meander00to01.pdf, id=981, 312.96246pt x 298.29831pt>
File: figures/N10Meander00to01.pdf Graphic file (type pdf)
<use figures/N10Meander00to01.pdf>
Package pdftex.def Info: figures/N10Meander00to01.pdf  used on input line 869.
(pdftex.def)             Requested size: 211.38832pt x 201.48831pt.
<figures/N10Crossing00to01.pdf, id=982, 312.96246pt x 298.29831pt>
File: figures/N10Crossing00to01.pdf Graphic file (type pdf)
<use figures/N10Crossing00to01.pdf>
Package pdftex.def Info: figures/N10Crossing00to01.pdf  used on input line 871.
(pdftex.def)             Requested size: 211.38832pt x 201.48831pt.
<figures/N10Circle00to01B.pdf, id=983, 312.96246pt x 298.29831pt>
File: figures/N10Circle00to01B.pdf Graphic file (type pdf)
<use figures/N10Circle00to01B.pdf>
Package pdftex.def Info: figures/N10Circle00to01B.pdf  used on input line 872.
(pdftex.def)             Requested size: 211.38832pt x 201.48831pt.


Package hyperref Warning: Token not allowed in a PDF string (PDFDocEncoding):
(hyperref)                removing `math shift' on input line 879.


Package hyperref Warning: Token not allowed in a PDF string (PDFDocEncoding):
(hyperref)                removing `math shift' on input line 879.

[15 </home/charli/Math/eigenvalueCollissionsv1/tex-exp-math/figures/N10Meander00to01.pdf> </home/charli/Math/eigenvalueCollissionsv1/tex-exp-math/figures/N10Crossing00to01.pdf> </home/charli/Math/eigenvalueCollissionsv1/tex-exp-math/figures/N10Circle00to01B.pdf>]
File: figures/N10Circle01to02.pdf Graphic file (type pdf)
<use figures/N10Circle01to02.pdf>
Package pdftex.def Info: figures/N10Circle01to02.pdf  used on input line 903.
(pdftex.def)             Requested size: 211.38832pt x 201.48831pt.
<figures/N10Meander01to02.pdf, id=1056, 312.96246pt x 298.29831pt>
File: figures/N10Meander01to02.pdf Graphic file (type pdf)
<use figures/N10Meander01to02.pdf>
Package pdftex.def Info: figures/N10Meander01to02.pdf  used on input line 904.
(pdftex.def)             Requested size: 211.38832pt x 201.48831pt.
<figures/N10Crossing01to02.pdf, id=1057, 312.96246pt x 298.29831pt>
File: figures/N10Crossing01to02.pdf Graphic file (type pdf)
<use figures/N10Crossing01to02.pdf>
Package pdftex.def Info: figures/N10Crossing01to02.pdf  used on input line 906.
(pdftex.def)             Requested size: 211.38832pt x 201.48831pt.
<figures/N10Circle01to02B.pdf, id=1058, 312.96246pt x 298.29831pt>
File: figures/N10Circle01to02B.pdf Graphic file (type pdf)
<use figures/N10Circle01to02B.pdf>
Package pdftex.def Info: figures/N10Circle01to02B.pdf  used on input line 907.
(pdftex.def)             Requested size: 211.38832pt x 201.48831pt.
 [16 </home/charli/Math/eigenvalueCollissionsv1/tex-exp-math/figures/N10Meander01to02.pdf> </home/charli/Math/eigenvalueCollissionsv1/tex-exp-math/figures/N10Crossing01to02.pdf> </home/charli/Math/eigenvalueCollissionsv1/tex-exp-math/figures/N10Circle01to02B.pdf>]
File: figures/N10Circle02to03.pdf Graphic file (type pdf)
<use figures/N10Circle02to03.pdf>
Package pdftex.def Info: figures/N10Circle02to03.pdf  used on input line 916.
(pdftex.def)             Requested size: 211.38832pt x 201.48831pt.
<figures/N10Meander02to03.pdf, id=1130, 312.96246pt x 298.29831pt>
File: figures/N10Meander02to03.pdf Graphic file (type pdf)
<use figures/N10Meander02to03.pdf>
Package pdftex.def Info: figures/N10Meander02to03.pdf  used on input line 917.
(pdftex.def)             Requested size: 211.38832pt x 201.48831pt.
<figures/N10Crossing02to03.pdf, id=1131, 312.96246pt x 298.29831pt>
File: figures/N10Crossing02to03.pdf Graphic file (type pdf)
<use figures/N10Crossing02to03.pdf>
Package pdftex.def Info: figures/N10Crossing02to03.pdf  used on input line 919.
(pdftex.def)             Requested size: 211.38832pt x 201.48831pt.
<figures/N10Circle02to03B.pdf, id=1132, 312.96246pt x 298.29831pt>
File: figures/N10Circle02to03B.pdf Graphic file (type pdf)
<use figures/N10Circle02to03B.pdf>
Package pdftex.def Info: figures/N10Circle02to03B.pdf  used on input line 920.
(pdftex.def)             Requested size: 211.38832pt x 201.48831pt.
 [17 </home/charli/Math/eigenvalueCollissionsv1/tex-exp-math/figures/N10Meander02to03.pdf> </home/charli/Math/eigenvalueCollissionsv1/tex-exp-math/figures/N10Crossing02to03.pdf> </home/charli/Math/eigenvalueCollissionsv1/tex-exp-math/figures/N10Circle02to03B.pdf>]
<figures/N10Circle03to04.pdf, id=1207, 312.96246pt x 298.29831pt>
File: figures/N10Circle03to04.pdf Graphic file (type pdf)
<use figures/N10Circle03to04.pdf>
Package pdftex.def Info: figures/N10Circle03to04.pdf  used on input line 929.
(pdftex.def)             Requested size: 211.38832pt x 201.48831pt.
<figures/N10Meander03to04.pdf, id=1208, 312.96246pt x 298.29831pt>
File: figures/N10Meander03to04.pdf Graphic file (type pdf)
<use figures/N10Meander03to04.pdf>
Package pdftex.def Info: figures/N10Meander03to04.pdf  used on input line 930.
(pdftex.def)             Requested size: 211.38832pt x 201.48831pt.
<figures/N10Crossing03to04.pdf, id=1209, 312.96246pt x 298.29831pt>
File: figures/N10Crossing03to04.pdf Graphic file (type pdf)
<use figures/N10Crossing03to04.pdf>
Package pdftex.def Info: figures/N10Crossing03to04.pdf  used on input line 932.
(pdftex.def)             Requested size: 211.38832pt x 201.48831pt.
<figures/N10Circle03to04B.pdf, id=1210, 312.96246pt x 298.29831pt>
File: figures/N10Circle03to04B.pdf Graphic file (type pdf)
<use figures/N10Circle03to04B.pdf>
Package pdftex.def Info: figures/N10Circle03to04B.pdf  used on input line 933.
(pdftex.def)             Requested size: 211.38832pt x 201.48831pt.
 [18 </home/charli/Math/eigenvalueCollissionsv1/tex-exp-math/figures/N10Circle03to04.pdf> </home/charli/Math/eigenvalueCollissionsv1/tex-exp-math/figures/N10Meander03to04.pdf> </home/charli/Math/eigenvalueCollissionsv1/tex-exp-math/figures/N10Crossing03to04.pdf> </home/charli/Math/eigenvalueCollissionsv1/tex-exp-math/figures/N10Circle03to04B.pdf>]
<figures/N10Circle04to05.pdf, id=1304, 312.96246pt x 298.29831pt>
File: figures/N10Circle04to05.pdf Graphic file (type pdf)
<use figures/N10Circle04to05.pdf>
Package pdftex.def Info: figures/N10Circle04to05.pdf  used on input line 942.
(pdftex.def)             Requested size: 211.38832pt x 201.48831pt.
<figures/N10Meander04to05.pdf, id=1305, 312.96246pt x 298.29831pt>
File: figures/N10Meander04to05.pdf Graphic file (type pdf)
<use figures/N10Meander04to05.pdf>
Package pdftex.def Info: figures/N10Meander04to05.pdf  used on input line 943.
(pdftex.def)             Requested size: 211.38832pt x 201.48831pt.
<figures/N10Crossing04to05.pdf, id=1306, 312.96246pt x 298.29831pt>
File: figures/N10Crossing04to05.pdf Graphic file (type pdf)
<use figures/N10Crossing04to05.pdf>
Package pdftex.def Info: figures/N10Crossing04to05.pdf  used on input line 945.
(pdftex.def)             Requested size: 211.38832pt x 201.48831pt.
<figures/N10Circle04to05B.pdf, id=1307, 312.96246pt x 298.29831pt>
File: figures/N10Circle04to05B.pdf Graphic file (type pdf)
<use figures/N10Circle04to05B.pdf>
Package pdftex.def Info: figures/N10Circle04to05B.pdf  used on input line 946.
(pdftex.def)             Requested size: 211.38832pt x 201.48831pt.
 [19 </home/charli/Math/eigenvalueCollissionsv1/tex-exp-math/figures/N10Circle04to05.pdf> </home/charli/Math/eigenvalueCollissionsv1/tex-exp-math/figures/N10Meander04to05.pdf> </home/charli/Math/eigenvalueCollissionsv1/tex-exp-math/figures/N10Crossing04to05.pdf> </home/charli/Math/eigenvalueCollissionsv1/tex-exp-math/figures/N10Circle04to05B.pdf>]
<figures/N10Circle05to06.pdf, id=1402, 312.96246pt x 298.29831pt>
File: figures/N10Circle05to06.pdf Graphic file (type pdf)
<use figures/N10Circle05to06.pdf>
Package pdftex.def Info: figures/N10Circle05to06.pdf  used on input line 955.
(pdftex.def)             Requested size: 211.38832pt x 201.48831pt.
<figures/N10Meander05to06.pdf, id=1403, 312.96246pt x 298.29831pt>
File: figures/N10Meander05to06.pdf Graphic file (type pdf)
<use figures/N10Meander05to06.pdf>
Package pdftex.def Info: figures/N10Meander05to06.pdf  used on input line 956.
(pdftex.def)             Requested size: 211.38832pt x 201.48831pt.
<figures/N10Crossing05to06.pdf, id=1404, 312.96246pt x 298.29831pt>
File: figures/N10Crossing05to06.pdf Graphic file (type pdf)
<use figures/N10Crossing05to06.pdf>
Package pdftex.def Info: figures/N10Crossing05to06.pdf  used on input line 958.
(pdftex.def)             Requested size: 211.38832pt x 201.48831pt.
<figures/N10Circle05to06B.pdf, id=1405, 312.96246pt x 298.29831pt>
File: figures/N10Circle05to06B.pdf Graphic file (type pdf)
<use figures/N10Circle05to06B.pdf>
Package pdftex.def Info: figures/N10Circle05to06B.pdf  used on input line 959.
(pdftex.def)             Requested size: 211.38832pt x 201.48831pt.
 [20 </home/charli/Math/eigenvalueCollissionsv1/tex-exp-math/figures/N10Circle05to06.pdf> </home/charli/Math/eigenvalueCollissionsv1/tex-exp-math/figures/N10Meander05to06.pdf> </home/charli/Math/eigenvalueCollissionsv1/tex-exp-math/figures/N10Crossing05to06.pdf> </home/charli/Math/eigenvalueCollissionsv1/tex-exp-math/figures/N10Circle05to06B.pdf>]
<figures/N10Circle06to07.pdf, id=1499, 312.96246pt x 298.29831pt>
File: figures/N10Circle06to07.pdf Graphic file (type pdf)
<use figures/N10Circle06to07.pdf>
Package pdftex.def Info: figures/N10Circle06to07.pdf  used on input line 968.
(pdftex.def)             Requested size: 211.38832pt x 201.48831pt.
<figures/N10Meander06to07.pdf, id=1500, 312.96246pt x 298.29831pt>
File: figures/N10Meander06to07.pdf Graphic file (type pdf)
<use figures/N10Meander06to07.pdf>
Package pdftex.def Info: figures/N10Meander06to07.pdf  used on input line 969.
(pdftex.def)             Requested size: 211.38832pt x 201.48831pt.
<figures/N10Crossing06to07.pdf, id=1501, 312.96246pt x 298.29831pt>
File: figures/N10Crossing06to07.pdf Graphic file (type pdf)
<use figures/N10Crossing06to07.pdf>
Package pdftex.def Info: figures/N10Crossing06to07.pdf  used on input line 971.
(pdftex.def)             Requested size: 211.38832pt x 201.48831pt.
<figures/N10Circle06to07B.pdf, id=1502, 312.96246pt x 298.29831pt>
File: figures/N10Circle06to07B.pdf Graphic file (type pdf)
<use figures/N10Circle06to07B.pdf>
Package pdftex.def Info: figures/N10Circle06to07B.pdf  used on input line 972.
(pdftex.def)             Requested size: 211.38832pt x 201.48831pt.
 [21 </home/charli/Math/eigenvalueCollissionsv1/tex-exp-math/figures/N10Circle06to07.pdf> </home/charli/Math/eigenvalueCollissionsv1/tex-exp-math/figures/N10Meander06to07.pdf> </home/charli/Math/eigenvalueCollissionsv1/tex-exp-math/figures/N10Crossing06to07.pdf> </home/charli/Math/eigenvalueCollissionsv1/tex-exp-math/figures/N10Circle06to07B.pdf>] [22]
<figures/initial_frame1001.pdf, id=1584, 312.96246pt x 298.29831pt>
File: figures/initial_frame1001.pdf Graphic file (type pdf)
<use figures/initial_frame1001.pdf>
Package pdftex.def Info: figures/initial_frame1001.pdf  used on input line 1011.
(pdftex.def)             Requested size: 211.38832pt x 201.48831pt.
<figures/initial_frame1005.pdf, id=1585, 312.96246pt x 298.29831pt>
File: figures/initial_frame1005.pdf Graphic file (type pdf)
<use figures/initial_frame1005.pdf>
Package pdftex.def Info: figures/initial_frame1005.pdf  used on input line 1012.
(pdftex.def)             Requested size: 211.38832pt x 201.48831pt.
<figures/initial_frame1009.pdf, id=1586, 312.96246pt x 298.29831pt>
File: figures/initial_frame1009.pdf Graphic file (type pdf)
<use figures/initial_frame1009.pdf>
Package pdftex.def Info: figures/initial_frame1009.pdf  used on input line 1014.
(pdftex.def)             Requested size: 211.38832pt x 201.48831pt.
<figures/initial_frame1017.pdf, id=1587, 312.96246pt x 298.29831pt>
File: figures/initial_frame1017.pdf Graphic file (type pdf)
<use figures/initial_frame1017.pdf>
Package pdftex.def Info: figures/initial_frame1017.pdf  used on input line 1015.
(pdftex.def)             Requested size: 211.38832pt x 201.48831pt.
 [23 </home/charli/Math/eigenvalueCollissionsv1/tex-exp-math/figures/initial_frame1001.pdf> </home/charli/Math/eigenvalueCollissionsv1/tex-exp-math/figures/initial_frame1005.pdf> </home/charli/Math/eigenvalueCollissionsv1/tex-exp-math/figures/initial_frame1009.pdf> </home/charli/Math/eigenvalueCollissionsv1/tex-exp-math/figures/initial_frame1017.pdf>]
<figures/initial_frame1020.pdf, id=1678, 312.96246pt x 298.29831pt>
File: figures/initial_frame1020.pdf Graphic file (type pdf)
<use figures/initial_frame1020.pdf>
Package pdftex.def Info: figures/initial_frame1020.pdf  used on input line 1024.
(pdftex.def)             Requested size: 211.38832pt x 201.48831pt.
<figures/initial_frame1022.pdf, id=1679, 312.96246pt x 298.29831pt>
File: figures/initial_frame1022.pdf Graphic file (type pdf)
<use figures/initial_frame1022.pdf>
Package pdftex.def Info: figures/initial_frame1022.pdf  used on input line 1025.
(pdftex.def)             Requested size: 211.38832pt x 201.48831pt.
<figures/initial_frame1035.pdf, id=1680, 312.96246pt x 298.29831pt>
File: figures/initial_frame1035.pdf Graphic file (type pdf)
<use figures/initial_frame1035.pdf>
Package pdftex.def Info: figures/initial_frame1035.pdf  used on input line 1027.
(pdftex.def)             Requested size: 211.38832pt x 201.48831pt.
<figures/initial_frame1038.pdf, id=1681, 312.96246pt x 298.29831pt>
File: figures/initial_frame1038.pdf Graphic file (type pdf)
<use figures/initial_frame1038.pdf>
Package pdftex.def Info: figures/initial_frame1038.pdf  used on input line 1028.
(pdftex.def)             Requested size: 211.38832pt x 201.48831pt.
 [24 </home/charli/Math/eigenvalueCollissionsv1/tex-exp-math/figures/initial_frame1020.pdf> </home/charli/Math/eigenvalueCollissionsv1/tex-exp-math/figures/initial_frame1022.pdf> </home/charli/Math/eigenvalueCollissionsv1/tex-exp-math/figures/initial_frame1035.pdf> </home/charli/Math/eigenvalueCollissionsv1/tex-exp-math/figures/initial_frame1038.pdf>]
<figures/initial_frame1043.pdf, id=1771, 312.96246pt x 298.29831pt>
File: figures/initial_frame1043.pdf Graphic file (type pdf)
<use figures/initial_frame1043.pdf>
Package pdftex.def Info: figures/initial_frame1043.pdf  used on input line 1038.
(pdftex.def)             Requested size: 211.38832pt x 201.48831pt.
<figures/initial_frame1044.pdf, id=1772, 312.96246pt x 298.29831pt>
File: figures/initial_frame1044.pdf Graphic file (type pdf)
<use figures/initial_frame1044.pdf>
Package pdftex.def Info: figures/initial_frame1044.pdf  used on input line 1039.
(pdftex.def)             Requested size: 211.38832pt x 201.48831pt.
<figures/initial_frame1047.pdf, id=1773, 312.96246pt x 298.29831pt>
File: figures/initial_frame1047.pdf Graphic file (type pdf)
<use figures/initial_frame1047.pdf>
Package pdftex.def Info: figures/initial_frame1047.pdf  used on input line 1041.
(pdftex.def)             Requested size: 211.38832pt x 201.48831pt.
<figures/initial_frame1048.pdf, id=1774, 312.96246pt x 298.29831pt>
File: figures/initial_frame1048.pdf Graphic file (type pdf)
<use figures/initial_frame1048.pdf>
Package pdftex.def Info: figures/initial_frame1048.pdf  used on input line 1042.
(pdftex.def)             Requested size: 211.38832pt x 201.48831pt.
 [25 </home/charli/Math/eigenvalueCollissionsv1/tex-exp-math/figures/initial_frame1043.pdf> </home/charli/Math/eigenvalueCollissionsv1/tex-exp-math/figures/initial_frame1044.pdf> </home/charli/Math/eigenvalueCollissionsv1/tex-exp-math/figures/initial_frame1047.pdf> </home/charli/Math/eigenvalueCollissionsv1/tex-exp-math/figures/initial_frame1048.pdf>]
<figures/initial_frame1070.pdf, id=1867, 312.96246pt x 298.29831pt>
File: figures/initial_frame1070.pdf Graphic file (type pdf)
<use figures/initial_frame1070.pdf>
Package pdftex.def Info: figures/initial_frame1070.pdf  used on input line 1051.
(pdftex.def)             Requested size: 211.38832pt x 201.48831pt.
<figures/initial_frame1072.pdf, id=1868, 312.96246pt x 298.29831pt>
File: figures/initial_frame1072.pdf Graphic file (type pdf)
<use figures/initial_frame1072.pdf>
Package pdftex.def Info: figures/initial_frame1072.pdf  used on input line 1052.
(pdftex.def)             Requested size: 211.38832pt x 201.48831pt.
<figures/initial_frame1094.pdf, id=1869, 312.96246pt x 298.29831pt>
File: figures/initial_frame1094.pdf Graphic file (type pdf)
<use figures/initial_frame1094.pdf>
Package pdftex.def Info: figures/initial_frame1094.pdf  used on input line 1054.
(pdftex.def)             Requested size: 211.38832pt x 201.48831pt.
 [26 </home/charli/Math/eigenvalueCollissionsv1/tex-exp-math/figures/initial_frame1070.pdf> </home/charli/Math/eigenvalueCollissionsv1/tex-exp-math/figures/initial_frame1072.pdf> </home/charli/Math/eigenvalueCollissionsv1/tex-exp-math/figures/initial_frame1094.pdf>]
<figures/frame0to50.pdf, id=1939, 578.16pt x 578.16pt>
File: figures/frame0to50.pdf Graphic file (type pdf)
<use figures/frame0to50.pdf>
Package pdftex.def Info: figures/frame0to50.pdf  used on input line 1063.
(pdftex.def)             Requested size: 375.80544pt x 375.79955pt.
 [27 </home/charli/Math/eigenvalueCollissionsv1/tex-exp-math/figures/frame0to50.pdf>]
<figures/frame50to100.pdf, id=1968, 578.16pt x 578.16pt>
File: figures/frame50to100.pdf Graphic file (type pdf)
<use figures/frame50to100.pdf>
Package pdftex.def Info: figures/frame50to100.pdf  used on input line 1076.
(pdftex.def)             Requested size: 375.80544pt x 375.79955pt.
 [28 </home/charli/Math/eigenvalueCollissionsv1/tex-exp-math/figures/frame50to100.pdf>]
<figures/frame100to150.pdf, id=1997, 578.16pt x 578.16pt>
File: figures/frame100to150.pdf Graphic file (type pdf)
<use figures/frame100to150.pdf>
Package pdftex.def Info: figures/frame100to150.pdf  used on input line 1085.
(pdftex.def)             Requested size: 375.80544pt x 375.79955pt.
 [29 </home/charli/Math/eigenvalueCollissionsv1/tex-exp-math/figures/frame100to150.pdf>]
<figures/frame150to200.pdf, id=2026, 578.16pt x 578.16pt>
File: figures/frame150to200.pdf Graphic file (type pdf)
<use figures/frame150to200.pdf>
Package pdftex.def Info: figures/frame150to200.pdf  used on input line 1094.
(pdftex.def)             Requested size: 375.80544pt x 375.79955pt.
 [30 </home/charli/Math/eigenvalueCollissionsv1/tex-exp-math/figures/frame150to200.pdf>]
<figures/frame200to250.pdf, id=2055, 578.16pt x 578.16pt>
File: figures/frame200to250.pdf Graphic file (type pdf)
<use figures/frame200to250.pdf>
Package pdftex.def Info: figures/frame200to250.pdf  used on input line 1103.
(pdftex.def)             Requested size: 375.80544pt x 375.79955pt.
 [31 </home/charli/Math/eigenvalueCollissionsv1/tex-exp-math/figures/frame200to250.pdf>]
<figures/frame250to300.pdf, id=2084, 578.16pt x 578.16pt>
File: figures/frame250to300.pdf Graphic file (type pdf)
<use figures/frame250to300.pdf>
Package pdftex.def Info: figures/frame250to300.pdf  used on input line 1112.
(pdftex.def)             Requested size: 375.80544pt x 375.79955pt.
 [32 </home/charli/Math/eigenvalueCollissionsv1/tex-exp-math/figures/frame250to300.pdf>] (/home/charli/Math/eigenvalueCollissionsv1/tex-exp-math/ExpMath.aux)

LaTeX Warning: There were multiply-defined labels.

Package rerunfilecheck Info: File `ExpMath.out' has not changed.
(rerunfilecheck)             Checksum: 8301BB569389A46DCF4BDDB287C9CEF5;1207.
 ) 
Here is how much of TeX's memory you used:
 18923 strings out of 481209
 362710 string characters out of 5914746
 663662 words of memory out of 5000000
 35305 multiletter control sequences out of 15000+600000
 415779 words of font info for 75 fonts, out of 8000000 for 9000
 36 hyphenation exceptions out of 8191
 96i,11n,103p,476b,423s stack positions out of 5000i,500n,10000p,200000b,80000s
 </home/charli/.texlive2020/texmf-var/fonts/pk/ljfour/jknappen/ec/tcrm1000.600pk> </home/charli/.texlive2020/texmf-var/fonts/pk/ljfour/jknappen/ec/tcrm0600.600pk> </home/charli/.texlive2020/texmf-var/fonts/pk/ljfour/jknappen/ec/tcrm0800.600pk></usr/share/texlive/texmf-dist/fonts/type1/public/amsfonts/cm/cmbx12.pfb></usr/share/texlive/texmf-dist/fonts/type1/public/amsfonts/cm/cmbx9.pfb></usr/share/texlive/texmf-dist/fonts/type1/public/amsfonts/cm/cmex10.pfb></usr/share/texlive/texmf-dist/fonts/type1/public/amsfonts/cm/cmmi10.pfb></usr/share/texlive/texmf-dist/fonts/type1/public/amsfonts/cm/cmmi12.pfb></usr/share/texlive/texmf-dist/fonts/type1/public/amsfonts/cm/cmmi7.pfb></usr/share/texlive/texmf-dist/fonts/type1/public/amsfonts/cm/cmmi9.pfb></usr/share/texlive/texmf-dist/fonts/type1/public/amsfonts/cm/cmr10.pfb></usr/share/texlive/texmf-dist/fonts/type1/public/amsfonts/cm/cmr12.pfb></usr/share/texlive/texmf-dist/fonts/type1/public/amsfonts/cm/cmr17.pfb></usr/share/texlive/texmf-dist/fonts/type1/public/amsfonts/cm/cmr7.pfb></usr/share/texlive/texmf-dist/fonts/type1/public/amsfonts/cm/cmr8.pfb></usr/share/texlive/texmf-dist/fonts/type1/public/amsfonts/cm/cmr9.pfb></usr/share/texlive/texmf-dist/fonts/type1/public/amsfonts/cm/cmsy10.pfb></usr/share/texlive/texmf-dist/fonts/type1/public/amsfonts/cm/cmsy7.pfb></usr/share/texlive/texmf-dist/fonts/type1/public/amsfonts/cm/cmsy9.pfb></usr/share/texlive/texmf-dist/fonts/type1/public/amsfonts/cm/cmti10.pfb></usr/share/texlive/texmf-dist/fonts/type1/public/amsfonts/cm/cmtt10.pfb></usr/share/texlive/texmf-dist/fonts/type1/public/amsfonts/cm/cmtt8.pfb></usr/share/texlive/texmf-dist/fonts/type1/public/amsfonts/symbols/msbm10.pfb>
Output written on /home/charli/Math/eigenvalueCollissionsv1/tex-exp-math/ExpMath.pdf (32 pages, 7486557 bytes).
PDF statistics:
 2213 PDF objects out of 2487 (max. 8388607)
 809 compressed objects within 9 object streams
 101 named destinations out of 1000 (max. 500000)
 575 words of extra memory for PDF output out of 10000 (max. 10000000)

